  Main.cpp
  c:\program files (x86)\windows kits\10\include\10.0.17763.0\um\dinput.h: DIRECTINPUT_VERSION undefined. Defaulting to version 0x0800
c:\users\flugan\grupp-30\rendering\edurend17v1_handout\source\vec\math.h(16): warning C4005: 'NDEBUG': macro redefinition
  c:\users\flugan\grupp-30\rendering\edurend17v1_handout\source\main.cpp: note: see previous definition of 'NDEBUG'
c:\users\flugan\grupp-30\rendering\edurend17v1_handout\source\vec\math.h(48): warning C4244: 'return': conversion from 'int' to 'float', possible loss of data
c:\users\flugan\grupp-30\rendering\edurend17v1_handout\source\camera.h(54): warning C4244: 'argument': conversion from 'int' to 'const T', possible loss of data
          with
          [
              T=float
          ]
c:\users\flugan\grupp-30\rendering\edurend17v1_handout\source\camera.h(62): warning C4552: '/': result of expression not used
c:\users\flugan\grupp-30\rendering\edurend17v1_handout\source\mesh.h(67): warning C4018: '<': signed/unsigned mismatch
c:\users\flugan\grupp-30\rendering\edurend17v1_handout\source\mesh.h(70): warning C4018: '<': signed/unsigned mismatch
c:\users\flugan\grupp-30\rendering\edurend17v1_handout\source\main.cpp(106): warning C4305: 'argument': truncation from 'double' to 'float'
c:\users\flugan\grupp-30\rendering\edurend17v1_handout\source\main.cpp(108): warning C4305: 'argument': truncation from 'double' to 'float'
c:\users\flugan\grupp-30\rendering\edurend17v1_handout\source\main.cpp(110): warning C4305: 'argument': truncation from 'double' to 'float'
c:\users\flugan\grupp-30\rendering\edurend17v1_handout\source\main.cpp(112): warning C4305: 'argument': truncation from 'double' to 'float'
c:\users\flugan\grupp-30\rendering\edurend17v1_handout\source\main.cpp(128): warning C4305: 'argument': truncation from 'double' to 'const T'
          with
          [
              T=float
          ]
c:\users\flugan\grupp-30\rendering\edurend17v1_handout\source\main.cpp(176): warning C4996: 'freopen': This function or variable may be unsafe. Consider using freopen_s instead. To disable deprecation, use _CRT_SECURE_NO_WARNINGS. See online help for details.
  c:\program files (x86)\windows kits\10\include\10.0.17763.0\ucrt\stdio.h(243): note: see declaration of 'freopen'
c:\users\flugan\grupp-30\rendering\edurend17v1_handout\source\main.cpp(177): warning C4996: 'freopen': This function or variable may be unsafe. Consider using freopen_s instead. To disable deprecation, use _CRT_SECURE_NO_WARNINGS. See online help for details.
  c:\program files (x86)\windows kits\10\include\10.0.17763.0\ucrt\stdio.h(243): note: see declaration of 'freopen'
c:\users\flugan\grupp-30\rendering\edurend17v1_handout\source\main.cpp(178): warning C4996: 'freopen': This function or variable may be unsafe. Consider using freopen_s instead. To disable deprecation, use _CRT_SECURE_NO_WARNINGS. See online help for details.
  c:\program files (x86)\windows kits\10\include\10.0.17763.0\ucrt\stdio.h(243): note: see declaration of 'freopen'
c:\users\flugan\grupp-30\rendering\edurend17v1_handout\source\main.cpp(655): warning C4244: '=': conversion from 'int' to 'FLOAT', possible loss of data
c:\users\flugan\grupp-30\rendering\edurend17v1_handout\source\main.cpp(656): warning C4244: '=': conversion from 'int' to 'FLOAT', possible loss of data
c:\users\flugan\grupp-30\rendering\edurend17v1_handout\source\vec\mat.h(527): warning C4244: 'initializing': conversion from 'double' to 'T', possible loss of data
          with
          [
              T=float
          ]
  c:\users\flugan\grupp-30\rendering\edurend17v1_handout\source\vec\mat.h(524): note: while compiling class template member function 'linalg::mat4<float> linalg::mat4<float>::rotation(const T &,const T &,const T &,const T &)'
          with
          [
              T=float
          ]
  c:\users\flugan\grupp-30\rendering\edurend17v1_handout\source\main.cpp(121): note: see reference to function template instantiation 'linalg::mat4<float> linalg::mat4<float>::rotation(const T &,const T &,const T &,const T &)' being compiled
          with
          [
              T=float
          ]
  c:\users\flugan\grupp-30\rendering\edurend17v1_handout\source\vec\mat.h(666): note: see reference to class template instantiation 'linalg::mat4<float>' being compiled
c:\users\flugan\grupp-30\rendering\edurend17v1_handout\source\vec\vec.h(479): warning C4244: 'argument': conversion from 'double' to 'const T', possible loss of data
          with
          [
              T=float
          ]
  c:\users\flugan\grupp-30\rendering\edurend17v1_handout\source\mesh.h(57): note: see reference to function template instantiation 'linalg::vec3<float> linalg::normalize<float>(const linalg::vec3<float> &)' being compiled
  Generating code
  64 of 2093 functions ( 3.1%) were compiled, the rest were copied from previous compilation.
    1 functions were new in current compilation
    5 functions had inline decision re-evaluated but remain unchanged
  Finished generating code
DirectXTK.lib(pch.obj) : warning LNK4099: PDB 'DirectXTK.pdb' was not found with 'DirectXTK.lib(pch.obj)' or at 'C:\Users\Flugan\Grupp-30\Rendering\eduRend17v1_handout\Bin\x86\DirectXTK.pdb'; linking object as if no debug info
DirectXTK.lib(WICTextureLoader.obj) : warning LNK4099: PDB 'DirectXTK.pdb' was not found with 'DirectXTK.lib(WICTextureLoader.obj)' or at 'C:\Users\Flugan\Grupp-30\Rendering\eduRend17v1_handout\Bin\x86\DirectXTK.pdb'; linking object as if no debug info
  Template.vcxproj -> C:\Users\Flugan\Grupp-30\Rendering\eduRend17v1_handout\source\../Bin/x86/eduRend.exe
